<?xml version="1.0" encoding="UTF-8"?>
<!-- Generated by org.testng.reporters.JUnitReportReporter -->
<testsuite skipped="4" hostname="DESKTOP-D6P93GQ" name="com.apitests.LogintoDummyApi" tests="5" failures="0" timestamp="2023-03-13T23:09:40 PDT" time="2.903" errors="0">
  <testcase name="getEmployeedata" time="2.903" classname="com.apitests.LogintoDummyApi"/>
  <system-out/>
  <testcase name="TC_02createdata" classname="com.apitests.LogintoDummyApi">
    <skipped/>
  </testcase> <!-- TC_02createdata -->
  <system-out/>
  <testcase name="invalidDelete" classname="com.apitests.LogintoDummyApi">
    <skipped/>
  </testcase> <!-- invalidDelete -->
  <system-out/>
  <testcase name="TC_01validlogin" classname="com.apitests.LogintoDummyApi">
    <skipped/>
  </testcase> <!-- TC_01validlogin -->
  <system-out/>
  <testcase name="deletedata" classname="com.apitests.LogintoDummyApi">
    <skipped/>
  </testcase> <!-- deletedata -->
  <system-out/>
</testsuite> <!-- com.apitests.LogintoDummyApi -->
